[     967ms] [ERROR] Failed to load resource: net::ERR_QUIC_PROTOCOL_ERROR.QUIC_PACKET_WRITE_ERROR @ https://www.googletagmanager.com/gtag/js?id=G-66D9CB2YXQ:0
[    1797ms] [INFO] %cDownload the React DevTools for a better development experience: https://reactjs.org/link/react-devtools font-weight:bold @ http://localhost:3001/static/js/bundle.js:328480
[    1937ms] [WARNING] Lit is in dev mode. Not recommended for production! See https://lit.dev/msg/dev-mode for more information. @ http://localhost:3001/static/js/bundle.js:43142
[    1999ms] [ERROR] Expectation Violation: Duplicate atom key "matriculasSelector". This is a FATAL ERROR in
      production. But it is safe to ignore this warning if it occurred because of
      hot module replacement.
    at expectationViolation (http://localhost:3001/static/js/bundle.js:359555:17)
    at checkForDuplicateAtomKey (http://localhost:3001/static/js/bundle.js:359644:9)
    at registerNode (http://localhost:3001/static/js/bundle.js:359652:5)
    at selector (http://localhost:3001/static/js/bundle.js:366270:26)
    at ./src/recoil/selectors/matriculasFilterSelector.ts (http://localhost:3001/static/js/bundle.js:498606:80)
    at options.factory (http://localhost:3001/static/js/bundle.js:515000:31)
    at __webpack_require__ (http://localhost:3001/static/js/bundle.js:514378:32)
    at fn (http://localhost:3001/static/js/bundle.js:514659:21)
    at ./src/pages/CadastroConcluido/Filtros.tsx (http://localhost:3001/static/js/bundle.js:471739:101)
    at options.factory (http://localhost:3001/static/js/bundle.js:515000:31) @ http://localhost:3001/static/js/bundle.js:359556
[    2026ms] [WARNING] Datadog Browser SDK: Ignoring Premium Sample Rate because Session Replay Sample Rate is set @ http://localhost:3001/static/js/bundle.js:21381
[    2164ms] [WARNING] Limpando dados do usuário... @ http://localhost:3001/static/js/bundle.js:419202
[    2166ms] [WARNING] Dados do usuário limpos com sucesso! @ http://localhost:3001/static/js/bundle.js:419228
[   12061ms] [LOG] Download the Apollo DevTools for a better development experience: %s https://chrome.google.com/webstore/detail/apollo-client-developer-t/jdkknkkbebbapilgoeccciglkfbmbnfm @ http://localhost:3001/static/js/bundle.js:383293
[  908971ms] [ERROR] WebSocket connection to 'ws://localhost:3001/ws' failed: Error in connection establishment: net::ERR_CONNECTION_REFUSED @ http://localhost:3001/static/js/bundle.js:343433
[  911056ms] [ERROR] WebSocket connection to 'ws://localhost:3001/ws' failed: Error in connection establishment: net::ERR_CONNECTION_REFUSED @ http://localhost:3001/static/js/bundle.js:343433
[  915127ms] [ERROR] WebSocket connection to 'ws://localhost:3001/ws' failed: Error in connection establishment: net::ERR_CONNECTION_REFUSED @ http://localhost:3001/static/js/bundle.js:343433
[  923178ms] [ERROR] WebSocket connection to 'ws://localhost:3001/ws' failed: Error in connection establishment: net::ERR_CONNECTION_REFUSED @ http://localhost:3001/static/js/bundle.js:343433
[  939242ms] [ERROR] WebSocket connection to 'ws://localhost:3001/ws' failed: Error in connection establishment: net::ERR_CONNECTION_REFUSED @ http://localhost:3001/static/js/bundle.js:343433
[  971292ms] [ERROR] WebSocket connection to 'ws://localhost:3001/ws' failed: Error in connection establishment: net::ERR_CONNECTION_REFUSED @ http://localhost:3001/static/js/bundle.js:343433
[ 1035380ms] [ERROR] WebSocket connection to 'ws://localhost:3001/ws' failed: Error in connection establishment: net::ERR_CONNECTION_REFUSED @ http://localhost:3001/static/js/bundle.js:343433
[ 1163465ms] [ERROR] WebSocket connection to 'ws://localhost:3001/ws' failed: Error in connection establishment: net::ERR_CONNECTION_REFUSED @ http://localhost:3001/static/js/bundle.js:343433
[ 1419505ms] [ERROR] WebSocket connection to 'ws://localhost:3001/ws' failed: Error in connection establishment: net::ERR_CONNECTION_REFUSED @ http://localhost:3001/static/js/bundle.js:343433
[ 1931579ms] [ERROR] WebSocket connection to 'ws://localhost:3001/ws' failed: Error in connection establishment: net::ERR_CONNECTION_REFUSED @ http://localhost:3001/static/js/bundle.js:343433
